<?xml version="1.0" encoding="UTF-8"?>
<!-- Generated by org.testng.reporters.JUnitXMLReporter -->
<testsuite ignored="0" hostname="Arvind" failures="0" tests="6" name="Default test" time="22.432" errors="0" timestamp="2023-01-20T13:38:51 IST">
  <testcase classname="com.Mini_Project.AmazonNew.AmazonTestNG1" name="dropDown" time="0.496"/>
  <testcase classname="com.Mini_Project.AmazonNew.AmazonTestNG1" name="productInput" time="7.842"/>
  <testcase classname="com.Mini_Project.AmazonNew.AmazonTestNG1" name="firstProductNamePrice" time="3.285"/>
  <testcase classname="com.Mini_Project.AmazonNew.AmazonTestNG1" name="windowsTitle" time="4.085"/>
  <testcase classname="com.Mini_Project.AmazonNew.AmazonTestNG1" name="compareTitlePrice" time="0.216"/>
  <testcase classname="com.Mini_Project.AmazonNew.AmazonTestNG1" name="screenShot" time="0.278"/>
</testsuite> <!-- Default test -->
