<?xml version="1.0" encoding="UTF-8"?>
<testng-results ignored="0" total="6" passed="6" failed="0" skipped="0">
  <reporter-output>
  </reporter-output>
  <suite started-at="2023-01-20T13:38:28 IST" name="Default suite" finished-at="2023-01-20T13:38:51 IST" duration-ms="22432">
    <groups>
    </groups>
    <test started-at="2023-01-20T13:38:28 IST" name="Default test" finished-at="2023-01-20T13:38:51 IST" duration-ms="22432">
      <class name="com.Mini_Project.AmazonNew.AmazonTestNG1">
        <test-method is-config="true" signature="browserLaunch()[pri:0, instance:com.Mini_Project.AmazonNew.AmazonTestNG1@5403f35f]" started-at="2023-01-20T13:38:28 IST" name="browserLaunch" finished-at="2023-01-20T13:38:29 IST" duration-ms="1187" status="PASS">
          <reporter-output>
          </reporter-output>
        </test-method> <!-- browserLaunch -->
        <test-method is-config="true" signature="urlLaunch()[pri:0, instance:com.Mini_Project.AmazonNew.AmazonTestNG1@5403f35f]" started-at="2023-01-20T13:38:29 IST" name="urlLaunch" finished-at="2023-01-20T13:38:32 IST" duration-ms="2660" status="PASS">
          <reporter-output>
          </reporter-output>
        </test-method> <!-- urlLaunch -->
        <test-method signature="dropDown()[pri:-3, instance:com.Mini_Project.AmazonNew.AmazonTestNG1@5403f35f]" started-at="2023-01-20T13:38:32 IST" name="dropDown" finished-at="2023-01-20T13:38:32 IST" duration-ms="496" status="PASS">
          <reporter-output>
          </reporter-output>
        </test-method> <!-- dropDown -->
        <test-method signature="productInput()[pri:-2, instance:com.Mini_Project.AmazonNew.AmazonTestNG1@5403f35f]" started-at="2023-01-20T13:38:32 IST" name="productInput" finished-at="2023-01-20T13:38:40 IST" duration-ms="7842" status="PASS">
          <reporter-output>
          </reporter-output>
        </test-method> <!-- productInput -->
        <test-method signature="firstProductNamePrice()[pri:-1, instance:com.Mini_Project.AmazonNew.AmazonTestNG1@5403f35f]" started-at="2023-01-20T13:38:40 IST" name="firstProductNamePrice" finished-at="2023-01-20T13:38:44 IST" duration-ms="3285" status="PASS">
          <reporter-output>
          </reporter-output>
        </test-method> <!-- firstProductNamePrice -->
        <test-method signature="windowsTitle()[pri:0, instance:com.Mini_Project.AmazonNew.AmazonTestNG1@5403f35f]" started-at="2023-01-20T13:38:44 IST" name="windowsTitle" finished-at="2023-01-20T13:38:48 IST" duration-ms="4085" status="PASS">
          <reporter-output>
          </reporter-output>
        </test-method> <!-- windowsTitle -->
        <test-method signature="compareTitlePrice()[pri:1, instance:com.Mini_Project.AmazonNew.AmazonTestNG1@5403f35f]" started-at="2023-01-20T13:38:48 IST" name="compareTitlePrice" finished-at="2023-01-20T13:38:48 IST" duration-ms="216" status="PASS">
          <reporter-output>
          </reporter-output>
        </test-method> <!-- compareTitlePrice -->
        <test-method signature="screenShot()[pri:3, instance:com.Mini_Project.AmazonNew.AmazonTestNG1@5403f35f]" started-at="2023-01-20T13:38:48 IST" name="screenShot" finished-at="2023-01-20T13:38:48 IST" duration-ms="278" status="PASS">
          <reporter-output>
          </reporter-output>
        </test-method> <!-- screenShot -->
        <test-method is-config="true" signature="closeQuit()[pri:0, instance:com.Mini_Project.AmazonNew.AmazonTestNG1@5403f35f]" started-at="2023-01-20T13:38:48 IST" name="closeQuit" finished-at="2023-01-20T13:38:51 IST" duration-ms="2355" status="PASS">
          <reporter-output>
          </reporter-output>
        </test-method> <!-- closeQuit -->
      </class> <!-- com.Mini_Project.AmazonNew.AmazonTestNG1 -->
    </test> <!-- Default test -->
  </suite> <!-- Default suite -->
</testng-results>
